<?xml version="1.0" encoding="UTF-8"?>
<beans xmlns="http://www.springframework.org/schema/beans"
       xmlns:xsi="http://www.w3.org/2001/XMLSchema-instance"
       xmlns:context="http://www.springframework.org/schema/context"
       xmlns:util="http://www.springframework.org/schema/util"
       xsi:schemaLocation="http://www.springframework.org/schema/beans http://www.springframework.org/schema/beans/spring-beans-3.0.xsd
               http://www.springframework.org/schema/context http://www.springframework.org/schema/context/spring-context-3.0.xsd http://www.springframework.org/schema/util http://www.springframework.org/schema/util/spring-util.xsd">

    <context:property-placeholder location="classpath*:maven.properties,classpath*:activemq.properties"/>

    <import resource="classpath:applicationContext-opensrp-form.xml"/>
        
<!--     <import resource="classpath:applicationPlatformCommonAPI.xml"/>
    <import resource="classpath:applicationScheduler.xml"/>
    <import resource="classpath:applicationPlatformServerAPI.xml"/>
    <import resource="classpath:applicationSmsHttp.xml"/>
    <import resource="classpath:applicationSmsAPI.xml"/>
    <import resource="classpath:applicationSchedulerTrackingAPI.xml"/> -->
    
    <context:annotation-config/>
    <context:component-scan base-package="org.opensrp.form"/>
    <context:component-scan base-package="org.opensrp.register"/>
    <context:component-scan base-package="org.opensrp.repository"/>
    <context:component-scan base-package="org.opensrp.form"/>
    <context:component-scan base-package="org.opensrp.connector"/>
    <context:component-scan base-package="org.opensrp.service">
    	<context:exclude-filter expression="org.opensrp.service.formSubmission.*" type="regex" />
	</context:component-scan>
	
    <bean class="org.opensrp.service.formSubmission.FormEntityConverter" />
    
    <bean id="opensrpDatabaseConnector" class="org.ektorp.impl.StdCouchDbConnector">
        <constructor-arg value="${couchdb.db.opensrp}"/>
        <constructor-arg ref="couchDbInstance"/>
    </bean>

    <bean id="thrivepkDatabaseConnector" class="org.ektorp.impl.StdCouchDbConnector">
        <constructor-arg value="thrivepk"/>
        <constructor-arg ref="couchDbInstance"/>
    </bean>
     
         <bean id="opensrpErrorTraceDatabaseConnector" class="org.ektorp.impl.StdCouchDbConnector">
        <constructor-arg value="${couchdb.db.error}"/>
        <constructor-arg ref="couchDbInstance"/>
    </bean>
</beans>